<?xml version="1.0" encoding="UTF-8"?>
<!-- Generated by org.testng.reporters.JUnitXMLReporter -->
<testsuite hostname="Arathy_Jose" name="FirefoxTest" tests="6" failures="0" timestamp="10 Oct 2015 02:54:21 GMT" time="37.83" errors="0">
  <testcase name="getRegister" time="3.574" classname="com.SeleniumExcercise.test.Register"/>
  <testcase name="getRegister" time="2.228" classname="com.SeleniumExcercise.test.Register"/>
  <testcase name="getRegister" time="1.759" classname="com.SeleniumExcercise.test.Register"/>
  <testcase name="getRegister" time="2.3" classname="com.SeleniumExcercise.test.Register"/>
  <testcase name="getRegister" time="1.928" classname="com.SeleniumExcercise.test.Register"/>
  <testcase name="getHomePage" time="1.154" classname="com.SeleniumExcercise.test.Home"/>
</testsuite> <!-- FirefoxTest -->
