<?xml version="1.0" encoding="UTF-8"?>
<!-- Generated by org.testng.reporters.JUnitXMLReporter -->
<testsuite hostname="Arathy_Jose" name="IETest" tests="7" failures="1" timestamp="10 Oct 2015 02:07:50 GMT" time="0.182" errors="0">
  <testcase name="@BeforeClass SetUp" time="0.0" classname="com.SeleniumExcercise.test.Register">
    <failure type="java.lang.IllegalStateException" message="The path to the driver executable must be set by the webdriver.ie.driver system property; for more information, see https://github.com/SeleniumHQ/selenium/wiki/InternetExplorerDriver. The latest version can be downloaded from http://selenium-release.storage.googleapis.com/index.html">
      <![CDATA[java.lang.IllegalStateException: The path to the driver executable must be set by the webdriver.ie.driver system property; for more information, see https://github.com/SeleniumHQ/selenium/wiki/InternetExplorerDriver. The latest version can be downloaded from http://selenium-release.storage.googleapis.com/index.html
	at com.google.common.base.Preconditions.checkState(Preconditions.java:197)
	at org.openqa.selenium.remote.service.DriverService.findExecutable(DriverService.java:109)
	at org.openqa.selenium.ie.InternetExplorerDriverService.access$0(InternetExplorerDriverService.java:1)
	at org.openqa.selenium.ie.InternetExplorerDriverService$Builder.findDefaultExecutable(InternetExplorerDriverService.java:167)
	at org.openqa.selenium.remote.service.DriverService$Builder.build(DriverService.java:290)
	at org.openqa.selenium.ie.InternetExplorerDriver.setupService(InternetExplorerDriver.java:251)
	at org.openqa.selenium.ie.InternetExplorerDriver.<init>(InternetExplorerDriver.java:172)
	at org.openqa.selenium.ie.InternetExplorerDriver.<init>(InternetExplorerDriver.java:146)
	at com.SeleniumExcercise.test.Register.SetUp(Register.java:32)
	at java.util.concurrent.FutureTask.run(Unknown Source)
	at java.util.concurrent.ThreadPoolExecutor.runWorker(Unknown Source)
	at java.util.concurrent.ThreadPoolExecutor$Worker.run(Unknown Source)
	at java.lang.Thread.run(Unknown Source)
... Removed 16 stack frames]]>
    </failure>
  </testcase> <!-- @BeforeClass SetUp -->
  <testcase name="@AfterClass TearDown" time="0.0" classname="com.SeleniumExcercise.test.Register">
    <skipped/>
  </testcase> <!-- @AfterClass TearDown -->
  <testcase name="@BeforeClass SetUp" time="0.0" classname="com.SeleniumExcercise.test.Home">
    <failure type="java.lang.IllegalStateException" message="The path to the driver executable must be set by the webdriver.ie.driver system property; for more information, see https://github.com/SeleniumHQ/selenium/wiki/InternetExplorerDriver. The latest version can be downloaded from http://selenium-release.storage.googleapis.com/index.html">
      <![CDATA[java.lang.IllegalStateException: The path to the driver executable must be set by the webdriver.ie.driver system property; for more information, see https://github.com/SeleniumHQ/selenium/wiki/InternetExplorerDriver. The latest version can be downloaded from http://selenium-release.storage.googleapis.com/index.html
	at com.google.common.base.Preconditions.checkState(Preconditions.java:197)
	at org.openqa.selenium.remote.service.DriverService.findExecutable(DriverService.java:109)
	at org.openqa.selenium.ie.InternetExplorerDriverService.access$0(InternetExplorerDriverService.java:1)
	at org.openqa.selenium.ie.InternetExplorerDriverService$Builder.findDefaultExecutable(InternetExplorerDriverService.java:167)
	at org.openqa.selenium.remote.service.DriverService$Builder.build(DriverService.java:290)
	at org.openqa.selenium.ie.InternetExplorerDriver.setupService(InternetExplorerDriver.java:251)
	at org.openqa.selenium.ie.InternetExplorerDriver.<init>(InternetExplorerDriver.java:172)
	at org.openqa.selenium.ie.InternetExplorerDriver.<init>(InternetExplorerDriver.java:146)
	at com.SeleniumExcercise.test.Home.SetUp(Home.java:31)
	at java.util.concurrent.FutureTask.run(Unknown Source)
	at java.util.concurrent.ThreadPoolExecutor.runWorker(Unknown Source)
	at java.util.concurrent.ThreadPoolExecutor$Worker.run(Unknown Source)
	at java.lang.Thread.run(Unknown Source)
... Removed 16 stack frames]]>
    </failure>
  </testcase> <!-- @BeforeClass SetUp -->
  <testcase name="@AfterClass TearDown" time="0.0" classname="com.SeleniumExcercise.test.Home">
    <skipped/>
  </testcase> <!-- @AfterClass TearDown -->
  <testcase name="getRegister" time="0.001" classname="com.SeleniumExcercise.test.Register">
    <skipped/>
  </testcase> <!-- getRegister -->
  <testcase name="getRegister" time="0.0" classname="com.SeleniumExcercise.test.Register">
    <skipped/>
  </testcase> <!-- getRegister -->
  <testcase name="getRegister" time="0.0" classname="com.SeleniumExcercise.test.Register">
    <skipped/>
  </testcase> <!-- getRegister -->
  <testcase name="getRegister" time="0.0" classname="com.SeleniumExcercise.test.Register">
    <skipped/>
  </testcase> <!-- getRegister -->
  <testcase name="getRegister" time="0.0" classname="com.SeleniumExcercise.test.Register">
    <skipped/>
  </testcase> <!-- getRegister -->
  <testcase name="getHomePage" time="0.005" classname="com.SeleniumExcercise.test.Home">
    <skipped/>
  </testcase> <!-- getHomePage -->
  <testcase name="getSuccessPage" time="0.001" classname="com.SeleniumExcercise.test.Success">
    <failure type="java.lang.NullPointerException">
      <![CDATA[java.lang.NullPointerException
	at com.SeleniumExcercise.test.Success.getSuccessPage(Success.java:14)
	at java.util.concurrent.FutureTask.run(Unknown Source)
	at java.util.concurrent.ThreadPoolExecutor.runWorker(Unknown Source)
	at java.util.concurrent.ThreadPoolExecutor$Worker.run(Unknown Source)
	at java.lang.Thread.run(Unknown Source)
... Removed 16 stack frames]]>
    </failure>
  </testcase> <!-- getSuccessPage -->
</testsuite> <!-- IETest -->
