<?xml version="1.0" encoding="UTF-8"?>
<testng-results skipped="0" failed="0" total="1" passed="1">
  <reporter-output>
  </reporter-output>
  <suite name="Default suite" duration-ms="19326" started-at="2015-10-13T20:49:57Z" finished-at="2015-10-13T20:50:16Z">
    <groups>
    </groups>
    <test name="Default test" duration-ms="19326" started-at="2015-10-13T20:49:57Z" finished-at="2015-10-13T20:50:16Z">
      <class name="com.timesOfIndia.Selenium.MathProblemTimesOfIndia">
        <test-method status="PASS" signature="beforeTest()[pri:0, instance:com.timesOfIndia.Selenium.MathProblemTimesOfIndia@5a42bbf4]" name="beforeTest" is-config="true" duration-ms="16272" started-at="2015-10-13T13:49:57Z" finished-at="2015-10-13T13:50:13Z">
          <reporter-output>
          </reporter-output>
        </test-method> <!-- beforeTest -->
        <test-method status="PASS" signature="getTimes()[pri:0, instance:com.timesOfIndia.Selenium.MathProblemTimesOfIndia@5a42bbf4]" name="getTimes" duration-ms="2994" started-at="2015-10-13T13:50:13Z" finished-at="2015-10-13T13:50:16Z">
          <reporter-output>
          </reporter-output>
        </test-method> <!-- getTimes -->
        <test-method status="PASS" signature="afterTest()[pri:0, instance:com.timesOfIndia.Selenium.MathProblemTimesOfIndia@5a42bbf4]" name="afterTest" is-config="true" duration-ms="37" started-at="2015-10-13T13:50:16Z" finished-at="2015-10-13T13:50:16Z">
          <reporter-output>
          </reporter-output>
        </test-method> <!-- afterTest -->
      </class> <!-- com.timesOfIndia.Selenium.MathProblemTimesOfIndia -->
    </test> <!-- Default test -->
  </suite> <!-- Default suite -->
</testng-results>
